#
# There is insufficient memory for the Java Runtime Environment to continue.
# Native memory allocation (mmap) failed to map 436207616 bytes for Failed to commit area from 0x0000000740000000 to 0x000000075a000000 of length 436207616.
# Possible reasons:
#   The system is out of physical RAM or swap space
#   The process is running with CompressedOops enabled, and the Java Heap may be blocking the growth of the native heap
# Possible solutions:
#   Reduce memory load on the system
#   Increase physical memory or swap space
#   Check if swap backing store is full
#   Decrease Java heap size (-Xmx/-Xms)
#   Decrease number of Java threads
#   Decrease Java thread stack sizes (-Xss)
#   Set larger code cache with -XX:ReservedCodeCacheSize=
#   JVM is running with Zero Based Compressed Oops mode in which the Java heap is
#     placed in the first 32GB address space. The Java Heap base address is the
#     maximum limit for the native heap growth. Please use -XX:HeapBaseMinAddress
#     to set the Java Heap base and to place the Java Heap above 32GB virtual address.
# This output file may be truncated or incomplete.
#
#  Out of Memory Error (os_windows.cpp:3377), pid=9344, tid=0x0000000000002ac4
#
# JRE version: Java(TM) SE Runtime Environment (8.0_271-b09) (build 1.8.0_271-b09)
# Java VM: Java HotSpot(TM) 64-Bit Server VM (25.271-b09 mixed mode windows-amd64 compressed oops)
# Failed to write core dump. Minidumps are not enabled by default on client versions of Windows
#

---------------  T H R E A D  ---------------

Current thread (0x00000183d93c2800):  VMThread [stack: 0x0000004350300000,0x0000004350400000] [id=10948]

Stack: [0x0000004350300000,0x0000004350400000]
Native frames: (J=compiled Java code, j=interpreted, Vv=VM code, C=native code)
V  [jvm.dll+0x33f6c9]
V  [jvm.dll+0x286122]
V  [jvm.dll+0x286dcd]
V  [jvm.dll+0x27d805]
V  [jvm.dll+0x2a40ee]
V  [jvm.dll+0x2259a5]
V  [jvm.dll+0x3c0c07]
V  [jvm.dll+0x3c09e9]
V  [jvm.dll+0x3c22bf]
V  [jvm.dll+0x3cbb4c]
V  [jvm.dll+0x3cb56d]
V  [jvm.dll+0x3b08cc]
V  [jvm.dll+0x3ade19]
V  [jvm.dll+0x3d18bf]
V  [jvm.dll+0x256557]
V  [jvm.dll+0x254cc5]
V  [jvm.dll+0x25543c]
V  [jvm.dll+0x25574c]
V  [jvm.dll+0x2a2dcc]
C  [ucrtbase.dll+0x210b2]
C  [KERNEL32.DLL+0x17c24]
C  [ntdll.dll+0x6cea1]

VM_Operation (0x00000043510fcf30): G1IncCollectionPause, mode: safepoint, requested by thread 0x00000183dad8a800


---------------  P R O C E S S  ---------------

Java Threads: ( => current thread )
  0x00000183dcf98800 JavaThread "Worker-Bootstrap-7" daemon [_thread_blocked, id=14488, stack(0x0000004351500000,0x0000004351600000)]
  0x00000183ddb1d800 JavaThread "Worker-Bootstrap-6" daemon [_thread_blocked, id=1908, stack(0x0000004351400000,0x0000004351500000)]
  0x00000183df29e000 JavaThread "Worker-Bootstrap-5" daemon [_thread_blocked, id=9748, stack(0x0000004351300000,0x0000004351400000)]
  0x00000183dad8b800 JavaThread "Worker-Bootstrap-4" daemon [_thread_blocked, id=9840, stack(0x0000004351200000,0x0000004351300000)]
  0x00000183df29d800 JavaThread "Worker-Bootstrap-3" daemon [_thread_blocked, id=17184, stack(0x0000004351100000,0x0000004351200000)]
  0x00000183dad8a800 JavaThread "Worker-Bootstrap-2" daemon [_thread_blocked, id=17592, stack(0x0000004351000000,0x0000004351100000)]
  0x00000183de657800 JavaThread "Worker-Bootstrap-1" daemon [_thread_blocked, id=17212, stack(0x0000004350f00000,0x0000004351000000)]
  0x00000183d94c4000 JavaThread "Service Thread" daemon [_thread_blocked, id=7488, stack(0x0000004350d00000,0x0000004350e00000)]
  0x00000183d944b000 JavaThread "C1 CompilerThread3" daemon [_thread_blocked, id=7788, stack(0x0000004350c00000,0x0000004350d00000)]
  0x00000183d9440000 JavaThread "C2 CompilerThread2" daemon [_thread_blocked, id=13860, stack(0x0000004350b00000,0x0000004350c00000)]
  0x00000183d9434800 JavaThread "C2 CompilerThread1" daemon [_thread_blocked, id=916, stack(0x0000004350a00000,0x0000004350b00000)]
  0x00000183d9433800 JavaThread "C2 CompilerThread0" daemon [_thread_blocked, id=1420, stack(0x0000004350900000,0x0000004350a00000)]
  0x00000183d9432800 JavaThread "Attach Listener" daemon [_thread_blocked, id=4596, stack(0x0000004350800000,0x0000004350900000)]
  0x00000183d942d800 JavaThread "Signal Dispatcher" daemon [_thread_blocked, id=2008, stack(0x0000004350700000,0x0000004350800000)]
  0x00000183d942c800 JavaThread "Surrogate Locker Thread (Concurrent GC)" daemon [_thread_blocked, id=15144, stack(0x0000004350600000,0x0000004350700000)]
  0x00000183d93cc800 JavaThread "Finalizer" daemon [_thread_blocked, id=14628, stack(0x0000004350500000,0x0000004350600000)]
  0x00000183d93c6000 JavaThread "Reference Handler" daemon [_thread_blocked, id=9104, stack(0x0000004350400000,0x0000004350500000)]
  0x00000183b3731000 JavaThread "main" [_thread_blocked, id=14408, stack(0x000000434ee00000,0x000000434ef00000)]

Other Threads:
=>0x00000183d93c2800 VMThread [stack: 0x0000004350300000,0x0000004350400000] [id=10948]
  0x00000183d9507800 WatcherThread [stack: 0x0000004350e00000,0x0000004350f00000] [id=19876]

VM state:at safepoint (normal execution)

VM Mutex/Monitor currently owned by a thread:  ([mutex/lock_event])
[0x00000183b372e1a0] Threads_lock - owner thread: 0x00000183d93c2800
[0x00000183b372f420] Heap_lock - owner thread: 0x00000183dad8a800

heap address: 0x0000000620000000, size: 6656 MB, Compressed Oops mode: Zero based, Oop shift amount: 3
Narrow klass base: 0x0000000000000000, Narrow klass shift: 3
Compressed class space size: 1073741824 Address: 0x00000007c0000000

Heap:
 garbage-first heap   total 5144576K, used 190477K [0x0000000620000000, 0x00000006220004e8, 0x00000007c0000000)
  region size 32768K, 1 young (32768K), 1 survivors (32768K)
 Metaspace       used 40895K, capacity 43964K, committed 44388K, reserved 1087488K
  class space    used 6068K, capacity 6919K, committed 7012K, reserved 1048576K

Heap Regions: (Y=young(eden), SU=young(survivor), HS=humongous(starts), HC=humongous(continues), CS=collection set, F=free, TS=gc time stamp, PTAMS=previous top-at-mark-start, NTAMS=next top-at-mark-start)
AC   0  O    TS     0 PTAMS 0x0000000622000000 NTAMS 0x0000000622000000 space 32768K, 100% used [0x0000000620000000, 0x0000000622000000)
AC   0  O    TS     0 PTAMS 0x0000000624000000 NTAMS 0x0000000624000000 space 32768K, 100% used [0x0000000622000000, 0x0000000624000000)
AC   0  F    TS     0 PTAMS 0x0000000624000000 NTAMS 0x0000000624000000 space 32768K,   0% used [0x0000000624000000, 0x0000000626000000)
AC   0  F    TS     3 PTAMS 0x0000000626000000 NTAMS 0x0000000626000000 space 32768K,   0% used [0x0000000626000000, 0x0000000628000000)
AC   0  O    TS    17 PTAMS 0x0000000628000000 NTAMS 0x0000000628000000 space 32768K,  16% used [0x0000000628000000, 0x000000062a000000)
AC   0  F    TS     5 PTAMS 0x000000062a000000 NTAMS 0x000000062a000000 space 32768K,   0% used [0x000000062a000000, 0x000000062c000000)
AC   0  F    TS     0 PTAMS 0x000000062c000000 NTAMS 0x000000062c000000 space 32768K,   0% used [0x000000062c000000, 0x000000062e000000)
AC   0  F    TS     0 PTAMS 0x000000062e000000 NTAMS 0x000000062e000000 space 32768K,   0% used [0x000000062e000000, 0x0000000630000000)
AC   0  O    TS     0 PTAMS 0x0000000632000000 NTAMS 0x0000000632000000 space 32768K, 100% used [0x0000000630000000, 0x0000000632000000)
AC   0  F    TS     0 PTAMS 0x0000000632000000 NTAMS 0x0000000632000000 space 32768K,   0% used [0x0000000632000000, 0x0000000634000000)
AC   0  O    TS     3 PTAMS 0x0000000634000000 NTAMS 0x0000000634000000 space 32768K, 100% used [0x0000000634000000, 0x0000000636000000)
AC   0  O    TS     5 PTAMS 0x0000000636000000 NTAMS 0x0000000636000000 space 32768K, 100% used [0x0000000636000000, 0x0000000638000000)
AC   0  F    TS     5 PTAMS 0x0000000638000000 NTAMS 0x0000000638000000 space 32768K,   0% used [0x0000000638000000, 0x000000063a000000)
AC   0  F    TS     5 PTAMS 0x000000063a000000 NTAMS 0x000000063a000000 space 32768K,   0% used [0x000000063a000000, 0x000000063c000000)
AC   0  F    TS     5 PTAMS 0x000000063c000000 NTAMS 0x000000063c000000 space 32768K,   0% used [0x000000063c000000, 0x000000063e000000)
AC   0  F    TS     5 PTAMS 0x000000063e000000 NTAMS 0x000000063e000000 space 32768K,   0% used [0x000000063e000000, 0x0000000640000000)
AC   0  F    TS     5 PTAMS 0x0000000640000000 NTAMS 0x0000000640000000 space 32768K,   0% used [0x0000000640000000, 0x0000000642000000)
AC   0  F    TS     5 PTAMS 0x0000000642000000 NTAMS 0x0000000642000000 space 32768K,   0% used [0x0000000642000000, 0x0000000644000000)
AC   0  F    TS     5 PTAMS 0x0000000644000000 NTAMS 0x0000000644000000 space 32768K,   0% used [0x0000000644000000, 0x0000000646000000)
AC   0  F    TS     5 PTAMS 0x0000000646000000 NTAMS 0x0000000646000000 space 32768K,   0% used [0x0000000646000000, 0x0000000648000000)
AC   0  F    TS     7 PTAMS 0x0000000648000000 NTAMS 0x0000000648000000 space 32768K,   0% used [0x0000000648000000, 0x000000064a000000)
AC   0  F    TS     5 PTAMS 0x000000064a000000 NTAMS 0x000000064a000000 space 32768K,   0% used [0x000000064a000000, 0x000000064c000000)
AC   0  F    TS     5 PTAMS 0x000000064c000000 NTAMS 0x000000064c000000 space 32768K,   0% used [0x000000064c000000, 0x000000064e000000)
AC   0  F    TS     5 PTAMS 0x000000064e000000 NTAMS 0x000000064e000000 space 32768K,   0% used [0x000000064e000000, 0x0000000650000000)
AC   0  F    TS     7 PTAMS 0x0000000650000000 NTAMS 0x0000000650000000 space 32768K,   0% used [0x0000000650000000, 0x0000000652000000)
AC   0  F    TS     7 PTAMS 0x0000000652000000 NTAMS 0x0000000652000000 space 32768K,   0% used [0x0000000652000000, 0x0000000654000000)
AC   0  F    TS     7 PTAMS 0x0000000654000000 NTAMS 0x0000000654000000 space 32768K,   0% used [0x0000000654000000, 0x0000000656000000)
AC   0  F    TS     7 PTAMS 0x0000000656000000 NTAMS 0x0000000656000000 space 32768K,   0% used [0x0000000656000000, 0x0000000658000000)
AC   0  F    TS     7 PTAMS 0x0000000658000000 NTAMS 0x0000000658000000 space 32768K,   0% used [0x0000000658000000, 0x000000065a000000)
AC   0  F    TS     7 PTAMS 0x000000065a000000 NTAMS 0x000000065a000000 space 32768K,   0% used [0x000000065a000000, 0x000000065c000000)
AC   0  F    TS     7 PTAMS 0x000000065c000000 NTAMS 0x000000065c000000 space 32768K,   0% used [0x000000065c000000, 0x000000065e000000)
AC   0  F    TS     7 PTAMS 0x000000065e000000 NTAMS 0x000000065e000000 space 32768K,   0% used [0x000000065e000000, 0x0000000660000000)
AC   0  F    TS     7 PTAMS 0x0000000660000000 NTAMS 0x0000000660000000 space 32768K,   0% used [0x0000000660000000, 0x0000000662000000)
AC   0  F    TS     7 PTAMS 0x0000000662000000 NTAMS 0x0000000662000000 space 32768K,   0% used [0x0000000662000000, 0x0000000664000000)
AC   0  F    TS     7 PTAMS 0x0000000664000000 NTAMS 0x0000000664000000 space 32768K,   0% used [0x0000000664000000, 0x0000000666000000)
AC   0  F    TS     7 PTAMS 0x0000000666000000 NTAMS 0x0000000666000000 space 32768K,   0% used [0x0000000666000000, 0x0000000668000000)
AC   0  F    TS     7 PTAMS 0x0000000668000000 NTAMS 0x0000000668000000 space 32768K,   0% used [0x0000000668000000, 0x000000066a000000)
AC   0  F    TS     7 PTAMS 0x000000066a000000 NTAMS 0x000000066a000000 space 32768K,   0% used [0x000000066a000000, 0x000000066c000000)
AC   0  F    TS     7 PTAMS 0x000000066c000000 NTAMS 0x000000066c000000 space 32768K,   0% used [0x000000066c000000, 0x000000066e000000)
AC   0  F    TS     7 PTAMS 0x000000066e000000 NTAMS 0x000000066e000000 space 32768K,   0% used [0x000000066e000000, 0x0000000670000000)
AC   0  F    TS     7 PTAMS 0x0000000670000000 NTAMS 0x0000000670000000 space 32768K,   0% used [0x0000000670000000, 0x0000000672000000)
AC   0  F    TS     7 PTAMS 0x0000000672000000 NTAMS 0x0000000672000000 space 32768K,   0% used [0x0000000672000000, 0x0000000674000000)
AC   0  F    TS     7 PTAMS 0x0000000674000000 NTAMS 0x0000000674000000 space 32768K,   0% used [0x0000000674000000, 0x0000000676000000)
AC   0  F    TS     7 PTAMS 0x0000000676000000 NTAMS 0x0000000676000000 space 32768K,   0% used [0x0000000676000000, 0x0000000678000000)
AC   0  F    TS     9 PTAMS 0x0000000678000000 NTAMS 0x0000000678000000 space 32768K,   0% used [0x0000000678000000, 0x000000067a000000)
AC   0  F    TS     7 PTAMS 0x000000067a000000 NTAMS 0x000000067a000000 space 32768K,   0% used [0x000000067a000000, 0x000000067c000000)
AC   0  F    TS     7 PTAMS 0x000000067c000000 NTAMS 0x000000067c000000 space 32768K,   0% used [0x000000067c000000, 0x000000067e000000)
AC   0  F    TS     7 PTAMS 0x000000067e000000 NTAMS 0x000000067e000000 space 32768K,   0% used [0x000000067e000000, 0x0000000680000000)
AC   0  F    TS     9 PTAMS 0x0000000680000000 NTAMS 0x0000000680000000 space 32768K,   0% used [0x0000000680000000, 0x0000000682000000)
AC   0  F    TS     9 PTAMS 0x0000000682000000 NTAMS 0x0000000682000000 space 32768K,   0% used [0x0000000682000000, 0x0000000684000000)
AC   0  F    TS     9 PTAMS 0x0000000684000000 NTAMS 0x0000000684000000 space 32768K,   0% used [0x0000000684000000, 0x0000000686000000)
AC   0  F    TS     9 PTAMS 0x0000000686000000 NTAMS 0x0000000686000000 space 32768K,   0% used [0x0000000686000000, 0x0000000688000000)
AC   0  F    TS     9 PTAMS 0x0000000688000000 NTAMS 0x0000000688000000 space 32768K,   0% used [0x0000000688000000, 0x000000068a000000)
AC   0  F    TS     9 PTAMS 0x000000068a000000 NTAMS 0x000000068a000000 space 32768K,   0% used [0x000000068a000000, 0x000000068c000000)
AC   0  F    TS     9 PTAMS 0x000000068c000000 NTAMS 0x000000068c000000 space 32768K,   0% used [0x000000068c000000, 0x000000068e000000)
AC   0  F    TS     9 PTAMS 0x000000068e000000 NTAMS 0x000000068e000000 space 32768K,   0% used [0x000000068e000000, 0x0000000690000000)
AC   0  F    TS     9 PTAMS 0x0000000690000000 NTAMS 0x0000000690000000 space 32768K,   0% used [0x0000000690000000, 0x0000000692000000)
AC   0  F    TS     9 PTAMS 0x0000000692000000 NTAMS 0x0000000692000000 space 32768K,   0% used [0x0000000692000000, 0x0000000694000000)
AC   0  F    TS     9 PTAMS 0x0000000694000000 NTAMS 0x0000000694000000 space 32768K,   0% used [0x0000000694000000, 0x0000000696000000)
AC   0  F    TS     9 PTAMS 0x0000000696000000 NTAMS 0x0000000696000000 space 32768K,   0% used [0x0000000696000000, 0x0000000698000000)
AC   0  F    TS     9 PTAMS 0x0000000698000000 NTAMS 0x0000000698000000 space 32768K,   0% used [0x0000000698000000, 0x000000069a000000)
AC   0  F    TS     9 PTAMS 0x000000069a000000 NTAMS 0x000000069a000000 space 32768K,   0% used [0x000000069a000000, 0x000000069c000000)
AC   0  F    TS     9 PTAMS 0x000000069c000000 NTAMS 0x000000069c000000 space 32768K,   0% used [0x000000069c000000, 0x000000069e000000)
AC   0  F    TS     9 PTAMS 0x000000069e000000 NTAMS 0x000000069e000000 space 32768K,   0% used [0x000000069e000000, 0x00000006a0000000)
AC   0  F    TS     9 PTAMS 0x00000006a0000000 NTAMS 0x00000006a0000000 space 32768K,   0% used [0x00000006a0000000, 0x00000006a2000000)
AC   0  F    TS     9 PTAMS 0x00000006a2000000 NTAMS 0x00000006a2000000 space 32768K,   0% used [0x00000006a2000000, 0x00000006a4000000)
AC   0  F    TS     9 PTAMS 0x00000006a4000000 NTAMS 0x00000006a4000000 space 32768K,   0% used [0x00000006a4000000, 0x00000006a6000000)
AC   0  F    TS     9 PTAMS 0x00000006a6000000 NTAMS 0x00000006a6000000 space 32768K,   0% used [0x00000006a6000000, 0x00000006a8000000)
AC   0  F    TS     9 PTAMS 0x00000006a8000000 NTAMS 0x00000006a8000000 space 32768K,   0% used [0x00000006a8000000, 0x00000006aa000000)
AC   0  F    TS     9 PTAMS 0x00000006aa000000 NTAMS 0x00000006aa000000 space 32768K,   0% used [0x00000006aa000000, 0x00000006ac000000)
AC   0  F    TS     9 PTAMS 0x00000006ac000000 NTAMS 0x00000006ac000000 space 32768K,   0% used [0x00000006ac000000, 0x00000006ae000000)
AC   0  F    TS     9 PTAMS 0x00000006ae000000 NTAMS 0x00000006ae000000 space 32768K,   0% used [0x00000006ae000000, 0x00000006b0000000)
AC   0  F    TS     9 PTAMS 0x00000006b0000000 NTAMS 0x00000006b0000000 space 32768K,   0% used [0x00000006b0000000, 0x00000006b2000000)
AC   0  F    TS     9 PTAMS 0x00000006b2000000 NTAMS 0x00000006b2000000 space 32768K,   0% used [0x00000006b2000000, 0x00000006b4000000)
AC   0  F    TS     9 PTAMS 0x00000006b4000000 NTAMS 0x00000006b4000000 space 32768K,   0% used [0x00000006b4000000, 0x00000006b6000000)
AC   0  F    TS     9 PTAMS 0x00000006b6000000 NTAMS 0x00000006b6000000 space 32768K,   0% used [0x00000006b6000000, 0x00000006b8000000)
AC   0  F    TS    11 PTAMS 0x00000006b8000000 NTAMS 0x00000006b8000000 space 32768K,   0% used [0x00000006b8000000, 0x00000006ba000000)
AC   0  F    TS     9 PTAMS 0x00000006ba000000 NTAMS 0x00000006ba000000 space 32768K,   0% used [0x00000006ba000000, 0x00000006bc000000)
AC   0  F    TS     9 PTAMS 0x00000006bc000000 NTAMS 0x00000006bc000000 space 32768K,   0% used [0x00000006bc000000, 0x00000006be000000)
AC   0  F    TS     9 PTAMS 0x00000006be000000 NTAMS 0x00000006be000000 space 32768K,   0% used [0x00000006be000000, 0x00000006c0000000)
AC   0  F    TS    11 PTAMS 0x00000006c0000000 NTAMS 0x00000006c0000000 space 32768K,   0% used [0x00000006c0000000, 0x00000006c2000000)
AC   0  F    TS    11 PTAMS 0x00000006c2000000 NTAMS 0x00000006c2000000 space 32768K,   0% used [0x00000006c2000000, 0x00000006c4000000)
AC   0  F    TS    11 PTAMS 0x00000006c4000000 NTAMS 0x00000006c4000000 space 32768K,   0% used [0x00000006c4000000, 0x00000006c6000000)
AC   0  F    TS    11 PTAMS 0x00000006c6000000 NTAMS 0x00000006c6000000 space 32768K,   0% used [0x00000006c6000000, 0x00000006c8000000)
AC   0  F    TS    11 PTAMS 0x00000006c8000000 NTAMS 0x00000006c8000000 space 32768K,   0% used [0x00000006c8000000, 0x00000006ca000000)
AC   0  F    TS    11 PTAMS 0x00000006ca000000 NTAMS 0x00000006ca000000 space 32768K,   0% used [0x00000006ca000000, 0x00000006cc000000)
AC   0  F    TS    11 PTAMS 0x00000006cc000000 NTAMS 0x00000006cc000000 space 32768K,   0% used [0x00000006cc000000, 0x00000006ce000000)
AC   0  F    TS    11 PTAMS 0x00000006ce000000 NTAMS 0x00000006ce000000 space 32768K,   0% used [0x00000006ce000000, 0x00000006d0000000)
AC   0  F    TS    11 PTAMS 0x00000006d0000000 NTAMS 0x00000006d0000000 space 32768K,   0% used [0x00000006d0000000, 0x00000006d2000000)
AC   0  F    TS    11 PTAMS 0x00000006d2000000 NTAMS 0x00000006d2000000 space 32768K,   0% used [0x00000006d2000000, 0x00000006d4000000)
AC   0  F    TS    11 PTAMS 0x00000006d4000000 NTAMS 0x00000006d4000000 space 32768K,   0% used [0x00000006d4000000, 0x00000006d6000000)
AC   0  F    TS    11 PTAMS 0x00000006d6000000 NTAMS 0x00000006d6000000 space 32768K,   0% used [0x00000006d6000000, 0x00000006d8000000)
AC   0  F    TS    11 PTAMS 0x00000006d8000000 NTAMS 0x00000006d8000000 space 32768K,   0% used [0x00000006d8000000, 0x00000006da000000)
AC   0  F    TS    11 PTAMS 0x00000006da000000 NTAMS 0x00000006da000000 space 32768K,   0% used [0x00000006da000000, 0x00000006dc000000)
AC   0  F    TS    11 PTAMS 0x00000006dc000000 NTAMS 0x00000006dc000000 space 32768K,   0% used [0x00000006dc000000, 0x00000006de000000)
AC   0  F    TS    11 PTAMS 0x00000006de000000 NTAMS 0x00000006de000000 space 32768K,   0% used [0x00000006de000000, 0x00000006e0000000)
AC   0  F    TS    11 PTAMS 0x00000006e0000000 NTAMS 0x00000006e0000000 space 32768K,   0% used [0x00000006e0000000, 0x00000006e2000000)
AC   0  F    TS    11 PTAMS 0x00000006e2000000 NTAMS 0x00000006e2000000 space 32768K,   0% used [0x00000006e2000000, 0x00000006e4000000)
AC   0  F    TS    11 PTAMS 0x00000006e4000000 NTAMS 0x00000006e4000000 space 32768K,   0% used [0x00000006e4000000, 0x00000006e6000000)
AC   0  F    TS    11 PTAMS 0x00000006e6000000 NTAMS 0x00000006e6000000 space 32768K,   0% used [0x00000006e6000000, 0x00000006e8000000)
AC   0  F    TS    11 PTAMS 0x00000006e8000000 NTAMS 0x00000006e8000000 space 32768K,   0% used [0x00000006e8000000, 0x00000006ea000000)
AC   0  F    TS    11 PTAMS 0x00000006ea000000 NTAMS 0x00000006ea000000 space 32768K,   0% used [0x00000006ea000000, 0x00000006ec000000)
AC   0  F    TS    13 PTAMS 0x00000006ec000000 NTAMS 0x00000006ec000000 space 32768K,   0% used [0x00000006ec000000, 0x00000006ee000000)
AC   0  F    TS    11 PTAMS 0x00000006ee000000 NTAMS 0x00000006ee000000 space 32768K,   0% used [0x00000006ee000000, 0x00000006f0000000)
AC   0  F    TS    11 PTAMS 0x00000006f0000000 NTAMS 0x00000006f0000000 space 32768K,   0% used [0x00000006f0000000, 0x00000006f2000000)
AC   0  F    TS    11 PTAMS 0x00000006f2000000 NTAMS 0x00000006f2000000 space 32768K,   0% used [0x00000006f2000000, 0x00000006f4000000)
AC   0  F    TS    13 PTAMS 0x00000006f4000000 NTAMS 0x00000006f4000000 space 32768K,   0% used [0x00000006f4000000, 0x00000006f6000000)
AC   0  F    TS    13 PTAMS 0x00000006f6000000 NTAMS 0x00000006f6000000 space 32768K,   0% used [0x00000006f6000000, 0x00000006f8000000)
AC   0  F    TS    13 PTAMS 0x00000006f8000000 NTAMS 0x00000006f8000000 space 32768K,   0% used [0x00000006f8000000, 0x00000006fa000000)
AC   0  F    TS    13 PTAMS 0x00000006fa000000 NTAMS 0x00000006fa000000 space 32768K,   0% used [0x00000006fa000000, 0x00000006fc000000)
AC   0  F    TS    13 PTAMS 0x00000006fc000000 NTAMS 0x00000006fc000000 space 32768K,   0% used [0x00000006fc000000, 0x00000006fe000000)
AC   0  F    TS    13 PTAMS 0x00000006fe000000 NTAMS 0x00000006fe000000 space 32768K,   0% used [0x00000006fe000000, 0x0000000700000000)
AC   0  F    TS    13 PTAMS 0x0000000700000000 NTAMS 0x0000000700000000 space 32768K,   0% used [0x0000000700000000, 0x0000000702000000)
AC   0  F    TS    13 PTAMS 0x0000000702000000 NTAMS 0x0000000702000000 space 32768K,   0% used [0x0000000702000000, 0x0000000704000000)
AC   0  F    TS    13 PTAMS 0x0000000704000000 NTAMS 0x0000000704000000 space 32768K,   0% used [0x0000000704000000, 0x0000000706000000)
AC   0  F    TS    13 PTAMS 0x0000000706000000 NTAMS 0x0000000706000000 space 32768K,   0% used [0x0000000706000000, 0x0000000708000000)
AC   0  F    TS    13 PTAMS 0x0000000708000000 NTAMS 0x0000000708000000 space 32768K,   0% used [0x0000000708000000, 0x000000070a000000)
AC   0  F    TS    13 PTAMS 0x000000070a000000 NTAMS 0x000000070a000000 space 32768K,   0% used [0x000000070a000000, 0x000000070c000000)
AC   0  F    TS    13 PTAMS 0x000000070c000000 NTAMS 0x000000070c000000 space 32768K,   0% used [0x000000070c000000, 0x000000070e000000)
AC   0  F    TS    13 PTAMS 0x000000070e000000 NTAMS 0x000000070e000000 space 32768K,   0% used [0x000000070e000000, 0x0000000710000000)
AC   0  F    TS    13 PTAMS 0x0000000710000000 NTAMS 0x0000000710000000 space 32768K,   0% used [0x0000000710000000, 0x0000000712000000)
AC   0  F    TS    13 PTAMS 0x0000000712000000 NTAMS 0x0000000712000000 space 32768K,   0% used [0x0000000712000000, 0x0000000714000000)
AC   0  F    TS    13 PTAMS 0x0000000714000000 NTAMS 0x0000000714000000 space 32768K,   0% used [0x0000000714000000, 0x0000000716000000)
AC   0  F    TS    15 PTAMS 0x0000000716000000 NTAMS 0x0000000716000000 space 32768K,   0% used [0x0000000716000000, 0x0000000718000000)
AC   0  F    TS    13 PTAMS 0x0000000718000000 NTAMS 0x0000000718000000 space 32768K,   0% used [0x0000000718000000, 0x000000071a000000)
AC   0  F    TS    13 PTAMS 0x000000071a000000 NTAMS 0x000000071a000000 space 32768K,   0% used [0x000000071a000000, 0x000000071c000000)
AC   0  F    TS    13 PTAMS 0x000000071c000000 NTAMS 0x000000071c000000 space 32768K,   0% used [0x000000071c000000, 0x000000071e000000)
AC   0  F    TS    15 PTAMS 0x000000071e000000 NTAMS 0x000000071e000000 space 32768K,   0% used [0x000000071e000000, 0x0000000720000000)
AC   0  F    TS    15 PTAMS 0x0000000720000000 NTAMS 0x0000000720000000 space 32768K,   0% used [0x0000000720000000, 0x0000000722000000)
AC   0  F    TS    15 PTAMS 0x0000000722000000 NTAMS 0x0000000722000000 space 32768K,   0% used [0x0000000722000000, 0x0000000724000000)
AC   0  F    TS    15 PTAMS 0x0000000724000000 NTAMS 0x0000000724000000 space 32768K,   0% used [0x0000000724000000, 0x0000000726000000)
AC   0  F    TS    15 PTAMS 0x0000000726000000 NTAMS 0x0000000726000000 space 32768K,   0% used [0x0000000726000000, 0x0000000728000000)
AC   0  F    TS    15 PTAMS 0x0000000728000000 NTAMS 0x0000000728000000 space 32768K,   0% used [0x0000000728000000, 0x000000072a000000)
AC   0  F    TS    15 PTAMS 0x000000072a000000 NTAMS 0x000000072a000000 space 32768K,   0% used [0x000000072a000000, 0x000000072c000000)
AC   0  F    TS    15 PTAMS 0x000000072c000000 NTAMS 0x000000072c000000 space 32768K,   0% used [0x000000072c000000, 0x000000072e000000)
AC   0  F    TS    15 PTAMS 0x000000072e000000 NTAMS 0x000000072e000000 space 32768K,   0% used [0x000000072e000000, 0x0000000730000000)
AC   0  F    TS    15 PTAMS 0x0000000730000000 NTAMS 0x0000000730000000 space 32768K,   0% used [0x0000000730000000, 0x0000000732000000)
AC   0  F    TS    15 PTAMS 0x0000000732000000 NTAMS 0x0000000732000000 space 32768K,   0% used [0x0000000732000000, 0x0000000734000000)
AC   0  F    TS    15 PTAMS 0x0000000734000000 NTAMS 0x0000000734000000 space 32768K,   0% used [0x0000000734000000, 0x0000000736000000)
AC   0  F    TS    15 PTAMS 0x0000000736000000 NTAMS 0x0000000736000000 space 32768K,   0% used [0x0000000736000000, 0x0000000738000000)
AC   0  S CS TS    17 PTAMS 0x0000000738000000 NTAMS 0x0000000738000000 space 32768K,  64% used [0x0000000738000000, 0x000000073a000000)
AC   0  F    TS    15 PTAMS 0x000000073a000000 NTAMS 0x000000073a000000 space 32768K,   0% used [0x000000073a000000, 0x000000073c000000)
AC   0  F    TS    15 PTAMS 0x000000073c000000 NTAMS 0x000000073c000000 space 32768K,   0% used [0x000000073c000000, 0x000000073e000000)
AC   0  F    TS    15 PTAMS 0x000000073e000000 NTAMS 0x000000073e000000 space 32768K,   0% used [0x000000073e000000, 0x0000000740000000)

Card table byte_map: [0x00000183c6690000,0x00000183c7390000] byte_map_base: 0x00000183c3590000

Marking Bits (Prev, Next): (CMBitMap*) 0x00000183b37b57a8, (CMBitMap*) 0x00000183b37b5800
 Prev Bits: [0x00000183c8090000, 0x00000183ce890000)
 Next Bits: [0x00000183ce890000, 0x00000183d5090000)

Polling page: 0x00000183b3840000

CodeCache: size=245760Kb used=12512Kb max_used=12654Kb free=233247Kb
 bounds [0x00000183b5160000, 0x00000183b5e00000, 0x00000183c4160000]
 total_blobs=4525 nmethods=3876 adapters=560
 compilation: enabled

Compilation events (10 events):
Event: 16.376 Thread 0x00000183d944b000 4811       3       com.mojang.datafixers.types.templates.CompoundList::hashCode (15 bytes)
Event: 16.462 Thread 0x00000183d944b000 nmethod 4811 0x00000183b5927290 code [0x00000183b5927420, 0x00000183b5927810]
Event: 16.462 Thread 0x00000183d944b000 4812       3       com.mojang.datafixers.types.families.RecursiveTypeFamily$$Lambda$1210/2082812025::apply (13 bytes)
Event: 16.462 Thread 0x00000183d944b000 nmethod 4812 0x00000183b59ad0d0 code [0x00000183b59ad240, 0x00000183b59ad3f0]
Event: 16.472 Thread 0x00000183d944b000 4813       3       com.mojang.datafixers.types.families.RecursiveTypeFamily::fold (8 bytes)
Event: 16.473 Thread 0x00000183d944b000 nmethod 4813 0x00000183b586b990 code [0x00000183b586bb40, 0x00000183b586c0d8]
Event: 16.473 Thread 0x00000183d944b000 4814       3       com.mojang.datafixers.types.families.RecursiveTypeFamily$$Lambda$1210/2082812025::get$Lambda (10 bytes)
Event: 16.473 Thread 0x00000183d944b000 nmethod 4814 0x00000183b5d87c10 code [0x00000183b5d87d80, 0x00000183b5d88098]
Event: 16.650 Thread 0x00000183d9434800 4815       4       com.mojang.datafixers.optics.IdAdapter::equals (5 bytes)
Event: 16.651 Thread 0x00000183d9434800 nmethod 4815 0x00000183b5287150 code [0x00000183b5287280, 0x00000183b52872f8]

GC Heap History (10 events):
Event: 14.720 GC heap after
Heap after GC invocations=24 (full 0):
 garbage-first heap   total 1572864K, used 181678K [0x0000000620000000, 0x0000000622000180, 0x00000007c0000000)
  region size 32768K, 1 young (32768K), 1 survivors (32768K)
 Metaspace       used 40790K, capacity 43858K, committed 44132K, reserved 1087488K
  class space    used 6051K, capacity 6898K, committed 7012K, reserved 1048576K
}
Event: 14.939 GC heap before
{Heap before GC invocations=24 (full 0):
 garbage-first heap   total 1572864K, used 279982K [0x0000000620000000, 0x0000000622000180, 0x00000007c0000000)
  region size 32768K, 4 young (131072K), 1 survivors (32768K)
 Metaspace       used 40834K, capacity 43878K, committed 44132K, reserved 1087488K
  class space    used 6058K, capacity 6908K, committed 7012K, reserved 1048576K
Event: 14.967 GC heap after
Heap after GC invocations=25 (full 0):
 garbage-first heap   total 2621440K, used 188713K [0x0000000620000000, 0x0000000622000280, 0x00000007c0000000)
  region size 32768K, 1 young (32768K), 1 survivors (32768K)
 Metaspace       used 40834K, capacity 43878K, committed 44132K, reserved 1087488K
  class space    used 6058K, capacity 6908K, committed 7012K, reserved 1048576K
}
Event: 15.166 GC heap before
{Heap before GC invocations=25 (full 0):
 garbage-first heap   total 2621440K, used 287017K [0x0000000620000000, 0x0000000622000280, 0x00000007c0000000)
  region size 32768K, 4 young (131072K), 1 survivors (32768K)
 Metaspace       used 40852K, capacity 43886K, committed 44388K, reserved 1087488K
  class space    used 6061K, capacity 6912K, committed 7012K, reserved 1048576K
Event: 16.043 GC heap after
Heap after GC invocations=26 (full 0):
 garbage-first heap   total 3473408K, used 192964K [0x0000000620000000, 0x0000000622000350, 0x00000007c0000000)
  region size 32768K, 1 young (32768K), 1 survivors (32768K)
 Metaspace       used 40852K, capacity 43886K, committed 44388K, reserved 1087488K
  class space    used 6061K, capacity 6912K, committed 7012K, reserved 1048576K
}
Event: 16.189 GC heap before
{Heap before GC invocations=26 (full 0):
 garbage-first heap   total 3473408K, used 291268K [0x0000000620000000, 0x0000000622000350, 0x00000007c0000000)
  region size 32768K, 4 young (131072K), 1 survivors (32768K)
 Metaspace       used 40859K, capacity 43890K, committed 44388K, reserved 1087488K
  class space    used 6064K, capacity 6914K, committed 7012K, reserved 1048576K
Event: 16.288 GC heap after
Heap after GC invocations=27 (full 0):
 garbage-first heap   total 4161536K, used 185521K [0x0000000620000000, 0x00000006220003f8, 0x00000007c0000000)
  region size 32768K, 1 young (32768K), 1 survivors (32768K)
 Metaspace       used 40859K, capacity 43890K, committed 44388K, reserved 1087488K
  class space    used 6064K, capacity 6914K, committed 7012K, reserved 1048576K
}
Event: 16.489 GC heap before
{Heap before GC invocations=27 (full 0):
 garbage-first heap   total 4161536K, used 283825K [0x0000000620000000, 0x00000006220003f8, 0x00000007c0000000)
  region size 32768K, 4 young (131072K), 1 survivors (32768K)
 Metaspace       used 40884K, capacity 43964K, committed 44388K, reserved 1087488K
  class space    used 6067K, capacity 6919K, committed 7012K, reserved 1048576K
Event: 16.585 GC heap after
Heap after GC invocations=28 (full 0):
 garbage-first heap   total 4718592K, used 195657K [0x0000000620000000, 0x0000000622000480, 0x00000007c0000000)
  region size 32768K, 1 young (32768K), 1 survivors (32768K)
 Metaspace       used 40884K, capacity 43964K, committed 44388K, reserved 1087488K
  class space    used 6067K, capacity 6919K, committed 7012K, reserved 1048576K
}
Event: 16.802 GC heap before
{Heap before GC invocations=28 (full 0):
 garbage-first heap   total 4718592K, used 293961K [0x0000000620000000, 0x0000000622000480, 0x00000007c0000000)
  region size 32768K, 4 young (131072K), 1 survivors (32768K)
 Metaspace       used 40895K, capacity 43964K, committed 44388K, reserved 1087488K
  class space    used 6068K, capacity 6919K, committed 7012K, reserved 1048576K

Deoptimization events (10 events):
Event: 13.925 Thread 0x00000183b3731000 Uncommon trap: reason=predicate action=maybe_recompile pc=0x00000183b5d8c3c4 method=com.google.common.collect.ImmutableSet.construct(I[Ljava/lang/Object;)Lcom/google/common/collect/ImmutableSet; @ 71
Event: 14.774 Thread 0x00000183ddb1d800 Uncommon trap: reason=class_check action=maybe_recompile pc=0x00000183b5917fac method=com.mojang.datafixers.types.templates.Named.equals(Ljava/lang/Object;)Z @ 8
Event: 14.774 Thread 0x00000183ddb1d800 Uncommon trap: reason=class_check action=maybe_recompile pc=0x00000183b5917fac method=com.mojang.datafixers.types.templates.Named.equals(Ljava/lang/Object;)Z @ 8
Event: 14.786 Thread 0x00000183b3731000 Uncommon trap: reason=array_check action=maybe_recompile pc=0x00000183b53dc904 method=com.google.common.collect.ImmutableSet.construct(I[Ljava/lang/Object;)Lcom/google/common/collect/ImmutableSet; @ 122
Event: 14.789 Thread 0x00000183b3731000 Uncommon trap: reason=array_check action=maybe_recompile pc=0x00000183b53dc904 method=com.google.common.collect.ImmutableSet.construct(I[Ljava/lang/Object;)Lcom/google/common/collect/ImmutableSet; @ 122
Event: 14.820 Thread 0x00000183ddb1d800 Uncommon trap: reason=class_check action=maybe_recompile pc=0x00000183b5917fac method=com.mojang.datafixers.types.templates.Named.equals(Ljava/lang/Object;)Z @ 8
Event: 14.820 Thread 0x00000183ddb1d800 Uncommon trap: reason=class_check action=maybe_recompile pc=0x00000183b5917fac method=com.mojang.datafixers.types.templates.Named.equals(Ljava/lang/Object;)Z @ 8
Event: 14.892 Thread 0x00000183b3731000 Uncommon trap: reason=array_check action=maybe_recompile pc=0x00000183b53dc904 method=com.google.common.collect.ImmutableSet.construct(I[Ljava/lang/Object;)Lcom/google/common/collect/ImmutableSet; @ 122
Event: 14.931 Thread 0x00000183dad8a800 Uncommon trap: reason=bimorphic action=maybe_recompile pc=0x00000183b5329660 method=java.util.Map.computeIfAbsent(Ljava/lang/Object;Ljava/util/function/Function;)Ljava/lang/Object; @ 34
Event: 15.000 Thread 0x00000183b3731000 Uncommon trap: reason=array_check action=maybe_recompile pc=0x00000183b53dc904 method=com.google.common.collect.ImmutableSet.construct(I[Ljava/lang/Object;)Lcom/google/common/collect/ImmutableSet; @ 122

Classes redefined (0 events):
No events

Internal exceptions (10 events):
Event: 12.638 Thread 0x00000183b3731000 Exception <a 'java/lang/IncompatibleClassChangeError': Found class java.lang.Object, but interface was expected> (0x000000062e27b3d0) thrown at [C:\jenkins\workspace\8-2-build-windows-amd64-cygwin\jdk8u271\605\hotspot\src\share\vm\interpreter\linkResolver
Event: 12.652 Thread 0x00000183b3731000 Exception <a 'java/lang/IncompatibleClassChangeError': Found class java.lang.Object, but interface was expected> (0x000000062f8de150) thrown at [C:\jenkins\workspace\8-2-build-windows-amd64-cygwin\jdk8u271\605\hotspot\src\share\vm\interpreter\linkResolver
Event: 12.745 Thread 0x00000183b3731000 Exception <a 'java/lang/IncompatibleClassChangeError': Found class java.lang.Object, but interface was expected> (0x000000062dc6d450) thrown at [C:\jenkins\workspace\8-2-build-windows-amd64-cygwin\jdk8u271\605\hotspot\src\share\vm\interpreter\linkResolver
Event: 12.798 Thread 0x00000183df29e000 Implicit null exception at 0x00000183b5412557 to 0x00000183b54126d9
Event: 12.965 Thread 0x00000183b3731000 Exception <a 'java/lang/NoSuchMethodError': java.lang.Object.lambda$optionalFieldOf$5(Lcom/mojang/serialization/Lifecycle;Ljava/lang/Object;Lcom/mojang/serialization/Lifecycle;Ljava/util/Optional;)Lcom/mojang/serialization/DataResult;> (0x000000062daa8700
Event: 12.965 Thread 0x00000183b3731000 Exception <a 'java/lang/NoSuchMethodError': java.lang.Object.lambda$optionalFieldOf$6(Ljava/lang/Object;Lcom/mojang/serialization/Lifecycle;Lcom/mojang/serialization/Lifecycle;Ljava/lang/Object;)Lcom/mojang/serialization/DataResult;> (0x000000062daadae0) 
Event: 12.974 Thread 0x00000183b3731000 Exception <a 'java/lang/IncompatibleClassChangeError': Found class java.lang.Object, but interface was expected> (0x000000062a227468) thrown at [C:\jenkins\workspace\8-2-build-windows-amd64-cygwin\jdk8u271\605\hotspot\src\share\vm\interpreter\linkResolver
Event: 13.581 Thread 0x00000183ddb1d800 Exception <a 'java/lang/NoSuchMethodError': java.lang.Object.lambda$rewrite$0(Lcom/mojang/datafixers/View;Lcom/mojang/datafixers/functions/PointFree;)Lcom/mojang/datafixers/View;> (0x000000062c82fdb0) thrown at [C:\jenkins\workspace\8-2-build-windows-amd6
Event: 13.711 Thread 0x00000183b3731000 Exception <a 'java/lang/NoSuchMethodError': java.lang.Object.lambda$or$2(Ljava/util/function/Predicate;Ljava/lang/Object;)Z> (0x000000062ef335a0) thrown at [C:\jenkins\workspace\8-2-build-windows-amd64-cygwin\jdk8u271\605\hotspot\src\share\vm\interpreter\
Event: 13.730 Thread 0x00000183b3731000 Exception <a 'java/lang/NoSuchMethodError': java.lang.Object.lambda$and$0(Ljava/util/function/Predicate;Ljava/lang/Object;)Z> (0x000000062ffbf630) thrown at [C:\jenkins\workspace\8-2-build-windows-amd64-cygwin\jdk8u271\605\hotspot\src\share\vm\interpreter

Events (10 events):
Event: 16.335 loading class ccw done
Event: 16.336 loading class ccj
Event: 16.336 loading class ccj done
Event: 16.337 loading class ccd
Event: 16.337 loading class ccd done
Event: 16.340 loading class ady
Event: 16.340 loading class ady done
Event: 16.484 Executing VM operation: G1IncCollectionPause
Event: 16.585 Executing VM operation: G1IncCollectionPause done
Event: 16.722 Executing VM operation: G1IncCollectionPause


Dynamic libraries:
0x00007ff6b1ef0000 - 0x00007ff6b1f37000 	C:\Program Files\Java\jre1.8.0_271\bin\javaw.exe
0x00007ffd351a0000 - 0x00007ffd35390000 	C:\Windows\SYSTEM32\ntdll.dll
0x00007ffd334c0000 - 0x00007ffd33572000 	C:\Windows\System32\KERNEL32.DLL
0x00007ffd325b0000 - 0x00007ffd32855000 	C:\Windows\System32\KERNELBASE.dll
0x00007ffd33410000 - 0x00007ffd334b3000 	C:\Windows\System32\ADVAPI32.dll
0x00007ffd332b0000 - 0x00007ffd3334e000 	C:\Windows\System32\msvcrt.dll
0x00007ffd34c80000 - 0x00007ffd34d17000 	C:\Windows\System32\sechost.dll
0x00007ffd34f60000 - 0x00007ffd35080000 	C:\Windows\System32\RPCRT4.dll
0x00007ffd34d20000 - 0x00007ffd34eb4000 	C:\Windows\System32\USER32.dll
0x00007ffd324b0000 - 0x00007ffd324d1000 	C:\Windows\System32\win32u.dll
0x00007ffd34f20000 - 0x00007ffd34f46000 	C:\Windows\System32\GDI32.dll
0x00007ffd322e0000 - 0x00007ffd32476000 	C:\Windows\System32\gdi32full.dll
0x00007ffd331b0000 - 0x00007ffd3324e000 	C:\Windows\System32\msvcp_win.dll
0x00007ffd32860000 - 0x00007ffd3295a000 	C:\Windows\System32\ucrtbase.dll
0x00007ffd179f0000 - 0x00007ffd17c74000 	C:\Windows\WinSxS\amd64_microsoft.windows.common-controls_6595b64144ccf1df_6.0.18362.1139_none_9e7bf2d3e4605ac6\COMCTL32.dll
0x00007ffd33c10000 - 0x00007ffd33f45000 	C:\Windows\System32\combase.dll
0x00007ffd33130000 - 0x00007ffd331b0000 	C:\Windows\System32\bcryptPrimitives.dll
0x00007ffd35130000 - 0x00007ffd3515e000 	C:\Windows\System32\IMM32.DLL
0x00007ffd1ea70000 - 0x00007ffd1ea85000 	C:\Program Files\Java\jre1.8.0_271\bin\vcruntime140.dll
0x00007ffcfe360000 - 0x00007ffcfe3fb000 	C:\Program Files\Java\jre1.8.0_271\bin\msvcp140.dll
0x0000000068eb0000 - 0x000000006971f000 	C:\Program Files\Java\jre1.8.0_271\bin\server\jvm.dll
0x00007ffd343e0000 - 0x00007ffd343e8000 	C:\Windows\System32\PSAPI.DLL
0x00007ffd24100000 - 0x00007ffd2410a000 	C:\Windows\SYSTEM32\VERSION.dll
0x00007ffd1ff90000 - 0x00007ffd1ff99000 	C:\Windows\SYSTEM32\WSOCK32.dll
0x00007ffd2fd90000 - 0x00007ffd2fdb4000 	C:\Windows\SYSTEM32\WINMM.dll
0x00007ffd34150000 - 0x00007ffd341bf000 	C:\Windows\System32\WS2_32.dll
0x00007ffd2fd60000 - 0x00007ffd2fd8d000 	C:\Windows\SYSTEM32\WINMMBASE.dll
0x00007ffd32960000 - 0x00007ffd329aa000 	C:\Windows\System32\cfgmgr32.dll
0x00007ffd32070000 - 0x00007ffd32081000 	C:\Windows\System32\kernel.appcore.dll
0x00007ffd1ebf0000 - 0x00007ffd1ec00000 	C:\Program Files\Java\jre1.8.0_271\bin\verify.dll
0x00007ffd1e870000 - 0x00007ffd1e89b000 	C:\Program Files\Java\jre1.8.0_271\bin\java.dll
0x00007ffd1e1f0000 - 0x00007ffd1e208000 	C:\Program Files\Java\jre1.8.0_271\bin\zip.dll
0x00007ffd34590000 - 0x00007ffd34c77000 	C:\Windows\System32\SHELL32.dll
0x00007ffd35080000 - 0x00007ffd35129000 	C:\Windows\System32\shcore.dll
0x00007ffd329b0000 - 0x00007ffd33130000 	C:\Windows\System32\windows.storage.dll
0x00007ffd32100000 - 0x00007ffd32123000 	C:\Windows\System32\profapi.dll
0x00007ffd320b0000 - 0x00007ffd320fa000 	C:\Windows\System32\powrprof.dll
0x00007ffd32060000 - 0x00007ffd32070000 	C:\Windows\System32\UMPDC.dll
0x00007ffd34ec0000 - 0x00007ffd34f12000 	C:\Windows\System32\shlwapi.dll
0x00007ffd32590000 - 0x00007ffd325a7000 	C:\Windows\System32\cryptsp.dll
0x00007ffd1e730000 - 0x00007ffd1e73d000 	C:\Program Files\Java\jre1.8.0_271\bin\management.dll
0x00007ffd1e040000 - 0x00007ffd1e05c000 	C:\Program Files\Java\jre1.8.0_271\bin\net.dll
0x00007ffd31800000 - 0x00007ffd31867000 	C:\Windows\system32\mswsock.dll
0x00007ffcfe050000 - 0x00007ffcfe066000 	C:\Windows\system32\napinsp.dll
0x00007ffcf52a0000 - 0x00007ffcf52ba000 	C:\Windows\system32\pnrpnsp.dll
0x00007ffd31560000 - 0x00007ffd3162b000 	C:\Windows\SYSTEM32\DNSAPI.dll
0x00007ffd34f50000 - 0x00007ffd34f58000 	C:\Windows\System32\NSI.dll
0x00007ffd31520000 - 0x00007ffd3155a000 	C:\Windows\SYSTEM32\IPHLPAPI.DLL
0x00007ffcf5290000 - 0x00007ffcf529e000 	C:\Windows\System32\winrnr.dll
0x00007ffd2b040000 - 0x00007ffd2b05c000 	C:\Windows\system32\NLAapi.dll
0x00007ffcfec80000 - 0x00007ffcfec95000 	C:\Windows\system32\wshbth.dll
0x00007ffd26170000 - 0x00007ffd261e7000 	C:\Windows\System32\fwpuclnt.dll
0x00007ffd32480000 - 0x00007ffd324a6000 	C:\Windows\System32\bcrypt.dll
0x00007ffd23980000 - 0x00007ffd2398a000 	C:\Windows\System32\rasadhlp.dll
0x00007ffd1df30000 - 0x00007ffd1df43000 	C:\Program Files\Java\jre1.8.0_271\bin\nio.dll
0x00007ffd31060000 - 0x00007ffd31091000 	C:\Windows\SYSTEM32\ntmarta.dll
0x00007ffd31380000 - 0x00007ffd313b3000 	C:\Windows\system32\rsaenh.dll
0x00007ffd31f80000 - 0x00007ffd31fa5000 	C:\Windows\SYSTEM32\USERENV.dll
0x00007ffd31980000 - 0x00007ffd3198c000 	C:\Windows\SYSTEM32\CRYPTBASE.dll
0x00007ffd30990000 - 0x00007ffd30b84000 	C:\Windows\SYSTEM32\dbghelp.dll

VM Arguments:
jvm_args: -Djava.net.preferIPv4Stack=true -Dos.name=Windows 10 -Dos.version=10.0 -Xmn128M -Xmx6652M -XX:HeapDumpPath=MojangTricksIntelDriversForPerformance_javaw.exe_minecraft.exe.heapdump -Xss1M -Djava.library.path=C:\Users\dell\AppData\Roaming\.minecraft\versions\OptiFine 1.16.3\natives -Dminecraft.launcher.brand=minecraft-launcher -Dminecraft.launcher.version=2.0.1003 -Dminecraft.applet.TargetDirectory=C:\Users\dell\AppData\Roaming\.minecraft -XX:+UnlockExperimentalVMOptions -XX:+UseG1GC -XX:G1NewSizePercent=20 -XX:G1ReservePercent=20 -XX:MaxGCPauseMillis=50 -XX:G1HeapRegionSize=32M -Dfml.ignoreInvalidMinecraftCertificates=true -Dfml.ignorePatchDiscrepancies=true 
java_command: org.tlauncher.Launch --username prabu_vlogs --version OptiFine 1.16.3 --gameDir C:\Users\dell\AppData\Roaming\.minecraft --assetsDir C:\Users\dell\AppData\Roaming\.minecraft\assets --assetIndex 1.16 --uuid 0064c71fb04911ea8bbab42e996a7d7a --accessToken null --userType mojang --versionType modified --width 925 --height 530 --tweakClass optifine.OptiFineTweaker
java_class_path (initial): C:\Users\dell\AppData\Roaming\.minecraft\libraries\org\tlauncher\tl_skin_cape_opti_1.16.3\1.15_opti\tl_skin_cape_opti_1.16.3-1.15_opti.jar;C:\Users\dell\AppData\Roaming\.minecraft\libraries\org\ow2\asm\asm-tree\6.2\asm-tree-6.2.jar;C:\Users\dell\AppData\Roaming\.minecraft\libraries\org\ow2\asm\asm\6.2\asm-6.2.jar;C:\Users\dell\AppData\Roaming\.minecraft\libraries\org\ow2\asm\asm-commons\6.2\asm-commons-6.2.jar;C:\Users\dell\AppData\Roaming\.minecraft\libraries\net\minecraft\launchwrapper\1.12\launchwrapper-1.12.jar;C:\Users\dell\AppData\Roaming\.minecraft\libraries\optifine\OptiFine\OptiFine-1.16.3_HD_U_G4\OptiFine-OptiFine-1.16.3_HD_U_G4.jar;C:\Users\dell\AppData\Roaming\.minecraft\libraries\optifine\launchwrapper-of\2.2\launchwrapper-of-2.2.jar;C:\Users\dell\AppData\Roaming\.minecraft\libraries\org\tlauncher\patchy\1.1\patchy-1.1.jar;C:\Users\dell\AppData\Roaming\.minecraft\libraries\oshi-project\oshi-core\1.1\oshi-core-1.1.jar;C:\Users\dell\AppData\Roaming\.minecraft\libraries\net\java\dev\jna\jna\4.4.0\jna-4.4.0.jar;C:\Users\dell\AppData\Roaming\.minecraft\libraries\net\java\dev\jna\platform\3.4.0\platform-3.4.0.jar;C:\Users\dell\AppData\Roaming\.minecraft\libraries\com\ibm\icu\icu4j\66.1\icu4j-66.1.jar;C:\Users\dell\AppData\Roaming\.minecraft\libraries\com\mojang\javabridge\1.0.22\javabridge-1.0.22.jar;C:\Users\dell\AppData\Roaming\.minecraft\libraries\net\sf\jopt-simple\jopt-simple\5.0.3\jopt-simple-5.0.3.jar;C:\Users\dell\AppData\Roaming\.minecraft\libraries\io\netty\netty-all\4.1.25.Final\netty-all-4.1.25.Final.jar;C:\Users\dell\AppData\Roaming\.minecraft\libraries\com\google\guava\guava\21.0\guava-21.0.jar;C:\Users\dell\AppData\Roaming\.minecraft\libraries\org\apache\commons\commons-lang3\3.5\commons-lang3-3.5.jar;C:\Users\dell\AppData\Roaming\.minecraft\libraries\commons-io\commons-io\2.5\commons-io-2.5.jar;C:\Users\dell\AppData\Roaming\.minecraft\libraries\commons-codec\commons-codec\1.10\commons-codec-1.10.jar;C:\Users\dell\A
Launcher Type: SUN_STANDARD

Environment Variables:
PATH=C:\Program Files (x86)\Common Files\Oracle\Java\javapath;C:\Program Files (x86)\Common Files\Intel\Shared Libraries\redist\intel64\compiler;C:\Windows\system32;C:\Windows;C:\Windows\System32\Wbem;C:\Windows\System32\WindowsPowerShell\v1.0\;C:\Windows\System32\OpenSSH\;C:\Program Files (x86)\Windows Live\Shared;C:\Program Files\Docker\Docker\resources\bin;C:\ProgramData\DockerDesktop\version-bin;C:\Users\dell\AppData\Local\Programs\Python\Python39\Scripts\;C:\Users\dell\AppData\Local\Programs\Python\Python39\;C:\Users\dell\AppData\Local\Microsoft\WindowsApps;C:\Users\dell\AppData\Local\Programs\Microsoft VS Code\bin;C:\Program Files\Java\jre1.8.0_271\bin
USERNAME=dell
OS=Windows_NT
PROCESSOR_IDENTIFIER=Intel64 Family 6 Model 142 Stepping 11, GenuineIntel



---------------  S Y S T E M  ---------------

OS: Windows 10.0 , 64 bit Build 18362 (10.0.18362.1110)

CPU:total 8 (initial active 8) (4 cores per cpu, 2 threads per core) family 6 model 142 stepping 11, cmov, cx8, fxsr, mmx, sse, sse2, sse3, ssse3, sse4.1, sse4.2, popcnt, avx, avx2, aes, clmul, erms, 3dnowpref, lzcnt, ht, tsc, tscinvbit, bmi1, bmi2, adx

Memory: 4k page, physical 8246036k(448228k free), swap 21877524k(314532k free)

vm_info: Java HotSpot(TM) 64-Bit Server VM (25.271-b09) for windows-amd64 JRE (1.8.0_271-b09), built on Sep 16 2020 19:14:59 by "" with MS VC++ 15.9 (VS2017)

time: Mon Nov  9 16:46:10 2020
timezone: Nepal Standard Time
elapsed time: 29.516701 seconds (0d 0h 0m 29s)

